app/build/intermediates/manifest_merge_blame_file/debug/manifest-merger-blame-debug-report.txt
1<?xml version="1.0" encoding="utf-8"?>
2<manifest xmlns:android="http://schemas.android.com/apk/res/android"
3    package="com.airindexapp"
4    android:versionCode="1"
5    android:versionName="1.0" >
6
7    <uses-sdk
8        android:minSdkVersion="21"
8-->src/main/AndroidManifest.xml
9        android:targetSdkVersion="31" />
9-->src/main/AndroidManifest.xml
10
11    <uses-permission android:name="android.permission.INTERNET" />
11-->src/main/AndroidManifest.xml:4:5-66
11-->src/main/AndroidManifest.xml:4:22-64
12
13    <application
13-->src/main/AndroidManifest.xml:5:5-22:19
14        android:allowBackup="true"
14-->src/main/AndroidManifest.xml:6:9-35
15        android:appComponentFactory="androidx.core.app.CoreComponentFactory"
15-->[androidx.core:core:1.6.0] AndroidManifest.xml:24:18-86
16        android:debuggable="true"
17        android:icon="@mipmap/ic_launcher"
17-->src/main/AndroidManifest.xml:7:9-43
18        android:label="@string/app_name"
18-->src/main/AndroidManifest.xml:8:9-41
19        android:roundIcon="@mipmap/ic_launcher_round"
19-->src/main/AndroidManifest.xml:9:9-54
20        android:supportsRtl="true"
20-->src/main/AndroidManifest.xml:10:9-35
21        android:testOnly="true"
22        android:theme="@style/Theme.AirIndexApp"
22-->src/main/AndroidManifest.xml:11:9-49
23        android:usesCleartextTraffic="true" >
23-->src/main/AndroidManifest.xml:12:9-44
24        <activity
24-->src/main/AndroidManifest.xml:13:9-21:20
25            android:name="com.airindexapp.MainActivity"
25-->src/main/AndroidManifest.xml:14:13-41
26            android:exported="true" >
26-->src/main/AndroidManifest.xml:15:13-36
27            <intent-filter>
27-->src/main/AndroidManifest.xml:16:13-20:29
28                <action android:name="android.intent.action.MAIN" />
28-->src/main/AndroidManifest.xml:17:17-69
28-->src/main/AndroidManifest.xml:17:25-66
29
30                <category android:name="android.intent.category.LAUNCHER" />
30-->src/main/AndroidManifest.xml:19:17-77
30-->src/main/AndroidManifest.xml:19:27-74
31            </intent-filter>
32        </activity>
33
34        <service
34-->[androidx.room:room-runtime:2.3.0] AndroidManifest.xml:25:9-28:40
35            android:name="androidx.room.MultiInstanceInvalidationService"
35-->[androidx.room:room-runtime:2.3.0] AndroidManifest.xml:26:13-74
36            android:directBootAware="true"
36-->[androidx.room:room-runtime:2.3.0] AndroidManifest.xml:27:13-43
37            android:exported="false" />
37-->[androidx.room:room-runtime:2.3.0] AndroidManifest.xml:28:13-37
38
39        <provider
39-->[androidx.lifecycle:lifecycle-process:2.2.0] AndroidManifest.xml:25:9-29:43
40            android:name="androidx.lifecycle.ProcessLifecycleOwnerInitializer"
40-->[androidx.lifecycle:lifecycle-process:2.2.0] AndroidManifest.xml:26:13-79
41            android:authorities="com.airindexapp.lifecycle-process"
41-->[androidx.lifecycle:lifecycle-process:2.2.0] AndroidManifest.xml:27:13-69
42            android:exported="false"
42-->[androidx.lifecycle:lifecycle-process:2.2.0] AndroidManifest.xml:28:13-37
43            android:multiprocess="true" />
43-->[androidx.lifecycle:lifecycle-process:2.2.0] AndroidManifest.xml:29:13-40
44    </application>
45
46</manifest>